<?xml version="1.0" encoding="UTF-8"?>
<!-- Generated by org.testng.reporters.JUnitReportReporter -->
<testsuite hostname="DESKTOP-TSIN61J" failures="0" tests="1" name="POM_LoginPage.TC01SL_Login" time="14.834" errors="0" timestamp="2023-03-23T21:56:09 IST" skipped="0">
  <testcase classname="POM_LoginPage.TC01SL_Login" name="tc01" time="14.834"/>
  <system-out/>
</testsuite> <!-- POM_LoginPage.TC01SL_Login -->
