<?xml version="1.0" encoding="UTF-8"?>
<!-- Generated by org.testng.reporters.JUnitReportReporter -->
<testsuite hostname="DESKTOP-TSIN61J" failures="0" tests="1" name="Logout.TC04" time="11.200" errors="0" timestamp="2023-03-24T09:50:21 IST" skipped="0">
  <testcase classname="Logout.TC04" name="Tc04" time="11.200"/>
  <system-out/>
</testsuite> <!-- Logout.TC04 -->
