<?xml version="1.0" encoding="UTF-8"?>
<!-- Generated by org.testng.reporters.JUnitReportReporter -->
<testsuite hostname="DESKTOP-TSIN61J" failures="0" tests="1" name="addtocart.TC02" time="17.023" errors="0" timestamp="2023-03-23T22:22:20 IST" skipped="0">
  <testcase classname="addtocart.TC02" name="TC02" time="17.023"/>
  <system-out/>
</testsuite> <!-- addtocart.TC02 -->
