<?xml version="1.0" encoding="UTF-8"?>
<!-- Generated by org.testng.reporters.JUnitReportReporter -->
<testsuite hostname="DESKTOP-TSIN61J" failures="0" tests="1" name="checkoutButton.TC03" time="12.803" errors="0" timestamp="2023-03-23T22:51:20 IST" skipped="0">
  <testcase classname="checkoutButton.TC03" name="tc03" time="12.803"/>
  <system-out/>
</testsuite> <!-- checkoutButton.TC03 -->
